DEBUG:matplotlib:$HOME=/home/vcm
DEBUG:matplotlib:matplotlib data path /home/vcm/anaconda/lib/python3.6/site-packages/matplotlib/mpl-data
DEBUG:matplotlib:loaded rc file /home/vcm/anaconda/lib/python3.6/site-packages/matplotlib/mpl-data/matplotlibrc
DEBUG:matplotlib:matplotlib version 2.2.2
DEBUG:matplotlib:interactive is False
DEBUG:matplotlib:platform is linux
DEBUG:matplotlib:loaded modules: ['builtins', 'sys', '_frozen_importlib', '_imp', '_warnings', '_thread', '_weakref', '_frozen_importlib_external', '_io', 'marshal', 'posix', 'zipimport', 'encodings', 'codecs', '_codecs', 'encodings.aliases', 'encodings.utf_8', '_signal', '__main__', 'encodings.latin_1', 'io', 'abc', '_weakrefset', 'site', 'os', 'errno', 'stat', '_stat', 'posixpath', 'genericpath', 'os.path', '_collections_abc', '_sitebuiltins', 'sysconfig', '_sysconfigdata_m_linux_x86_64-linux-gnu', '_bootlocale', '_locale', 'types', 'functools', '_functools', 'collections', 'operator', '_operator', 'keyword', 'heapq', '_heapq', 'itertools', 'reprlib', '_collections', 'weakref', 'collections.abc', 'importlib', 'importlib._bootstrap', 'importlib._bootstrap_external', 'warnings', 'importlib.util', 'importlib.abc', 'importlib.machinery', 'contextlib', 'google', 'google.logging', 'mpl_toolkits', 'sphinxcontrib', 'app', 'flask', 'werkzeug', 'werkzeug._compat', 'werkzeug.exceptions', 'werkzeug._internal', 're', 'enum', 'sre_compile', '_sre', 'sre_parse', 'sre_constants', 'copyreg', 'string', '_string', 'inspect', 'ast', '_ast', 'dis', 'opcode', '_opcode', 'linecache', 'tokenize', 'token', 'datetime', 'time', 'math', '_datetime', 'werkzeug.wrappers', 'werkzeug.http', 'email', 'email.utils', 'random', 'hashlib', '_hashlib', '_blake2', '_sha3', 'bisect', '_bisect', '_random', 'socket', '_socket', 'selectors', 'select', 'urllib', 'urllib.parse', 'email._parseaddr', 'calendar', 'locale', 'email.charset', 'email.base64mime', 'base64', 'struct', '_struct', 'binascii', 'email.quoprimime', 'email.errors', 'email.encoders', 'quopri', 'urllib.request', 'http', 'http.client', 'email.parser', 'email.feedparser', 'email._policybase', 'email.header', 'email.message', 'uu', 'email._encoded_words', 'email.iterators', 'ssl', 'ipaddress', 'textwrap', '_ssl', 'tempfile', 'shutil', 'fnmatch', 'zlib', 'bz2', '_compression', 'threading', 'traceback', '_bz2', 'lzma', '_lzma', 'pwd', 'grp', 'urllib.error', 'urllib.response', 'werkzeug.datastructures', 'mimetypes', 'copy', 'werkzeug.filesystem', 'werkzeug.urls', 'werkzeug.formparser', 'werkzeug.wsgi', 'werkzeug.utils', 'pkgutil', 'html', 'html.entities', 'jinja2', 'jinja2.environment', 'jinja2.nodes', 'jinja2.utils', 'json', 'json.decoder', 'json.scanner', '_json', 'json.encoder', 'jinja2._compat', 'pickle', '_compat_pickle', '_pickle', 'markupsafe', 'markupsafe._compat', 'markupsafe._speedups', 'jinja2.defaults', 'jinja2.filters', 'jinja2.runtime', 'jinja2.exceptions', 'jinja2.tests', 'decimal', 'numbers', '_decimal', 'jinja2.lexer', 'unicodedata', 'jinja2.parser', 'jinja2.compiler', 'jinja2.visitor', 'jinja2.optimizer', 'jinja2.idtracking', '__future__', 'jinja2.loaders', 'jinja2.bccache', 'jinja2.asyncsupport', 'asyncio', 'asyncio.base_events', 'concurrent', 'concurrent.futures', 'concurrent.futures._base', 'logging', 'atexit', 'concurrent.futures.process', 'queue', 'multiprocessing', 'multiprocessing.context', 'multiprocessing.process', 'signal', 'multiprocessing.reduction', 'array', '__mp_main__', 'multiprocessing.connection', '_multiprocessing', 'multiprocessing.util', 'subprocess', '_posixsubprocess', 'concurrent.futures.thread', 'asyncio.compat', 'asyncio.coroutines', 'asyncio.constants', 'asyncio.events', 'asyncio.base_futures', 'asyncio.log', 'asyncio.futures', 'asyncio.base_tasks', '_asyncio', 'asyncio.tasks', 'asyncio.locks', 'asyncio.protocols', 'asyncio.queues', 'asyncio.streams', 'asyncio.subprocess', 'asyncio.transports', 'asyncio.unix_events', 'asyncio.base_subprocess', 'asyncio.selector_events', 'asyncio.sslproto', 'jinja2.asyncfilters', 'flask.app', 'werkzeug.routing', 'difflib', 'uuid', 'ctypes', '_ctypes', 'ctypes._endian', 'ctypes.util', 'pprint', 'flask.cli', 'click', 'click.core', 'click._compat', 'click._unicodefun', 'click.exceptions', 'click.utils', 'click.globals', 'click.formatting', 'click.parser', 'click.termui', 'click.types', 'click.decorators', 'flask._compat', 'flask.globals', 'werkzeug.local', 'greenlet', 'flask.helpers', 'flask.signals', 'flask.json', 'itsdangerous', 'hmac', 'flask.config', 'flask.ctx', 'flask.logging', 'flask.sessions', 'flask.json.tag', 'flask.templating', 'flask.wrappers', 'flask.blueprints', 'config', 'flask_sqlalchemy', 'sqlalchemy', 'sqlalchemy.util', 'sqlalchemy.util._collections', 'sqlalchemy.util.compat', 'platform', 'configparser', 'sqlalchemy.util._preloaded', 'sqlalchemy.util.deprecations', 'sqlalchemy.util.langhelpers', 'sqlalchemy.exc', 'sqlalchemy.inspection', 'sqlalchemy.schema', 'sqlalchemy.sql', 'sqlalchemy.sql.expression', 'sqlalchemy.sql.base', 'sqlalchemy.sql.visitors', 'sqlalchemy.sql.dml', 'sqlalchemy.sql.util', 'sqlalchemy.sql.operators', 'sqlalchemy.sql.annotation', 'sqlalchemy.sql.ddl', 'sqlalchemy.sql.elements', 'sqlalchemy.sql.type_api', 'sqlalchemy.event', 'sqlalchemy.event.api', 'sqlalchemy.event.base', 'sqlalchemy.event.attr', 'sqlalchemy.event.legacy', 'sqlalchemy.event.registry', 'sqlalchemy.util.topological', 'sqlalchemy.sql.schema', 'sqlalchemy.sql.selectable', 'sqlalchemy.sql.functions', 'sqlalchemy.sql.sqltypes', 'sqlalchemy.processors', 'sqlalchemy.cprocessors', 'sqlalchemy.sql.default_comparator', 'sqlalchemy.sql.naming', 'sqlalchemy.events', 'sqlalchemy.engine', 'sqlalchemy.engine.strategies', 'sqlalchemy.engine.base', 'sqlalchemy.engine.interfaces', 'sqlalchemy.sql.compiler', 'sqlalchemy.sql.crud', 'sqlalchemy.engine.util', 'sqlalchemy.cutils', 'sqlalchemy.interfaces', 'sqlalchemy.log', 'sqlalchemy.engine.threadlocal', 'sqlalchemy.engine.url', 'sqlalchemy.dialects', 'sqlalchemy.pool', 'sqlalchemy.pool.base', 'sqlalchemy.pool.dbapi_proxy', 'sqlalchemy.pool.impl', 'sqlalchemy.util.queue', 'sqlalchemy.engine.result', 'sqlalchemy.cresultproxy', 'sqlalchemy.types', 'sqlalchemy.engine.default', 'sqlalchemy.engine.reflection', 'sqlalchemy.orm', 'sqlalchemy.orm.exc', 'sqlalchemy.orm.mapper', 'sqlalchemy.orm.attributes', 'sqlalchemy.orm.collections', 'sqlalchemy.orm.base', 'sqlalchemy.orm.interfaces', 'sqlalchemy.orm.path_registry', 'sqlalchemy.orm.instrumentation', 'sqlalchemy.orm.state', 'sqlalchemy.orm.loading', 'sqlalchemy.orm.strategy_options', 'sqlalchemy.orm.util', 'sqlalchemy.orm.properties', 'sqlalchemy.orm.deprecated_interfaces', 'sqlalchemy.orm.descriptor_props', 'sqlalchemy.orm.query', 'sqlalchemy.orm.persistence', 'sqlalchemy.orm.evaluator', 'sqlalchemy.orm.sync', 'sqlalchemy.orm.relationships', 'sqlalchemy.orm.dependency', 'sqlalchemy.orm.unitofwork', 'sqlalchemy.orm.scoping', 'sqlalchemy.orm.session', 'sqlalchemy.orm.identity', 'sqlalchemy.orm.dynamic', 'sqlalchemy.orm.strategies', 'sqlalchemy.orm.events', 'sqlalchemy.ext', 'sqlalchemy.ext.baked', 'sqlalchemy.ext.declarative', 'sqlalchemy.ext.declarative.api', 'sqlalchemy.ext.declarative.base', 'sqlalchemy.ext.declarative.clsregistry', 'flask_sqlalchemy.model', 'flask_sqlalchemy._compat', 'flask_sqlalchemy.utils', 'flask_login', 'flask_login.__about__', 'flask_login.config', 'flask_login.login_manager', 'flask_login._compat', 'flask_login.mixins', 'flask_login.signals', 'flask_login.utils', 'werkzeug.security', 'flask_login.test_client', 'flask.testing', 'click.testing', 'shlex', 'werkzeug.test', 'http.cookiejar', 'app.routes', 'app.forms', 'flask_wtf', 'flask_wtf.csrf', 'wtforms', 'wtforms.validators', 'email_validator', 'dns', 'dns.version', 'dns.resolver', 'dns.exception', 'dns.flags', 'dns.inet', 'dns.ipv4', 'dns.ipv6', 'dns.message', 'dns.wire', 'dns.name', 'encodings.idna', 'stringprep', 'idna', 'idna.package_data', 'idna.core', 'idna.idnadata', 'idna.intranges', 'dns.edns', 'dns.enum', 'dns.opcode', 'dns.entropy', 'dns.rcode', 'dns.rdata', 'dns.rdataclass', 'dns.rdatatype', 'dns.tokenizer', 'dns.ttl', 'dns.rrset', 'dns.rdataset', 'dns.set', 'dns.renderer', 'dns.tsig', 'dns.rdtypes', 'dns.rdtypes.ANY', 'dns.rdtypes.ANY.OPT', 'dns.rdtypes.ANY.TSIG', 'dns.query', 'dns.serial', 'requests', 'urllib3', 'urllib3.connectionpool', 'urllib3.exceptions', 'urllib3.packages', 'urllib3.packages.ssl_match_hostname', 'urllib3.packages.six', 'urllib3.packages.six.moves', 'urllib3.packages.six.moves.http_client', 'urllib3.connection', 'urllib3.util', 'urllib3.util.connection', 'urllib3.util.wait', 'urllib3.util.selectors', 'urllib3.util.request', 'urllib3.util.response', 'urllib3.util.ssl_', 'urllib3.util.timeout', 'urllib3.util.retry', 'urllib3.util.url', 'urllib3._collections', 'urllib3.request', 'urllib3.filepost', 'urllib3.fields', 'urllib3.packages.six.moves.urllib', 'urllib3.packages.six.moves.urllib.parse', 'urllib3.response', 'urllib3.poolmanager', 'chardet', 'chardet.compat', 'chardet.universaldetector', 'chardet.charsetgroupprober', 'chardet.enums', 'chardet.charsetprober', 'chardet.escprober', 'chardet.codingstatemachine', 'chardet.escsm', 'chardet.latin1prober', 'chardet.mbcsgroupprober', 'chardet.utf8prober', 'chardet.mbcssm', 'chardet.sjisprober', 'chardet.mbcharsetprober', 'chardet.chardistribution', 'chardet.euctwfreq', 'chardet.euckrfreq', 'chardet.gb2312freq', 'chardet.big5freq', 'chardet.jisfreq', 'chardet.jpcntx', 'chardet.eucjpprober', 'chardet.gb2312prober', 'chardet.euckrprober', 'chardet.cp949prober', 'chardet.big5prober', 'chardet.euctwprober', 'chardet.sbcsgroupprober', 'chardet.sbcharsetprober', 'chardet.langcyrillicmodel', 'chardet.langgreekmodel', 'chardet.langbulgarianmodel', 'chardet.langthaimodel', 'chardet.langhebrewmodel', 'chardet.hebrewprober', 'chardet.langturkishmodel', 'chardet.version', 'requests.exceptions', 'requests.__version__', 'requests.utils', 'zipfile', 'requests.certs', 'certifi', 'certifi.core', 'requests._internal_utils', 'requests.compat', 'http.cookies', 'requests.cookies', 'requests.structures', 'requests.packages', 'requests.packages.urllib3', 'requests.packages.urllib3.connectionpool', 'requests.packages.urllib3.exceptions', 'requests.packages.urllib3.packages', 'requests.packages.urllib3.packages.ssl_match_hostname', 'requests.packages.urllib3.packages.six', 'requests.packages.urllib3.packages.six.moves', 'requests.packages.urllib3.packages.six.moves.http_client', 'requests.packages.urllib3.connection', 'requests.packages.urllib3.util', 'requests.packages.urllib3.util.connection', 'requests.packages.urllib3.util.wait', 'requests.packages.urllib3.util.selectors', 'requests.packages.urllib3.util.request', 'requests.packages.urllib3.util.response', 'requests.packages.urllib3.util.ssl_', 'requests.packages.urllib3.util.timeout', 'requests.packages.urllib3.util.retry', 'requests.packages.urllib3.util.url', 'requests.packages.urllib3._collections', 'requests.packages.urllib3.request', 'requests.packages.urllib3.filepost', 'requests.packages.urllib3.fields', 'requests.packages.urllib3.packages.six.moves.urllib', 'requests.packages.urllib3.packages.six.moves.urllib.parse', 'requests.packages.urllib3.response', 'requests.packages.urllib3.poolmanager', 'requests.packages.idna', 'requests.packages.idna.package_data', 'requests.packages.idna.core', 'requests.packages.idna.idnadata', 'requests.packages.idna.intranges', 'requests.packages.chardet', 'requests.packages.chardet.compat', 'requests.packages.chardet.universaldetector', 'requests.packages.chardet.charsetgroupprober', 'requests.packages.chardet.enums', 'requests.packages.chardet.charsetprober', 'requests.packages.chardet.escprober', 'requests.packages.chardet.codingstatemachine', 'requests.packages.chardet.escsm', 'requests.packages.chardet.latin1prober', 'requests.packages.chardet.mbcsgroupprober', 'requests.packages.chardet.utf8prober', 'requests.packages.chardet.mbcssm', 'requests.packages.chardet.sjisprober', 'requests.packages.chardet.mbcharsetprober', 'requests.packages.chardet.chardistribution', 'requests.packages.chardet.euctwfreq', 'requests.packages.chardet.euckrfreq', 'requests.packages.chardet.gb2312freq', 'requests.packages.chardet.big5freq', 'requests.packages.chardet.jisfreq', 'requests.packages.chardet.jpcntx', 'requests.packages.chardet.eucjpprober', 'requests.packages.chardet.gb2312prober', 'requests.packages.chardet.euckrprober', 'requests.packages.chardet.cp949prober', 'requests.packages.chardet.big5prober', 'requests.packages.chardet.euctwprober', 'requests.packages.chardet.sbcsgroupprober', 'requests.packages.chardet.sbcharsetprober', 'requests.packages.chardet.langcyrillicmodel', 'requests.packages.chardet.langgreekmodel', 'requests.packages.chardet.langbulgarianmodel', 'requests.packages.chardet.langthaimodel', 'requests.packages.chardet.langhebrewmodel', 'requests.packages.chardet.hebrewprober', 'requests.packages.chardet.langturkishmodel', 'requests.packages.chardet.version', 'requests.models', 'requests.hooks', 'requests.auth', 'requests.status_codes', 'requests.api', 'requests.sessions', 'requests.adapters', 'urllib3.contrib', 'urllib3.contrib.socks', 'socks', 'dns.reversename', 'wtforms.compat', 'wtforms.widgets', 'wtforms.widgets.core', 'wtforms.fields', 'wtforms.fields.core', 'wtforms.i18n', 'wtforms.utils', 'wtforms.fields.simple', 'wtforms.form', 'wtforms.meta', 'wtforms.csrf', 'wtforms.csrf.core', 'flask_wtf._compat', 'flask_wtf.form', 'babel', 'babel.core', 'babel.localedata', 'babel._compat', 'babel.plural', 'babel.support', 'gettext', 'babel.dates', 'pytz', 'pytz.exceptions', 'pytz.lazy', 'pytz.tzinfo', 'pytz.tzfile', 'babel.util', 'babel.localtime', 'babel.localtime._unix', 'babel.numbers', 'flask_wtf.recaptcha', 'flask_wtf.recaptcha.fields', 'flask_wtf.recaptcha.widgets', 'flask_wtf.recaptcha.validators', 'app.models', 'sqlalchemy.dialects.sqlite', 'sqlalchemy.dialects.sqlite.base', 'sqlalchemy.dialects.sqlite.json', 'sqlalchemy.dialects.sqlite.pysqlcipher', 'sqlalchemy.dialects.sqlite.pysqlite', 'sqlite3', 'sqlite3.dbapi2', '_sqlite3', 'pandas', 'numpy', 'numpy._globals', 'numpy.__config__', 'numpy.version', 'numpy._import_tools', 'numpy.add_newdocs', 'numpy.lib', 'numpy.lib.info', 'numpy.lib.type_check', 'numpy.core', 'numpy.core.info', 'numpy.core.multiarray', 'numpy.core.umath', 'numpy.core._internal', 'numpy.compat', 'numpy.compat._inspect', 'numpy.compat.py3k', 'pathlib', 'ntpath', 'numpy.core.numerictypes', 'numpy.core.numeric', 'numpy.core.fromnumeric', 'numpy.core._methods', 'numpy.core.arrayprint', 'numpy.core.defchararray', 'numpy.core.records', 'numpy.core.memmap', 'numpy.core.function_base', 'numpy.core.machar', 'numpy.core.getlimits', 'numpy.core.shape_base', 'numpy.core.einsumfunc', 'numpy.testing', 'unittest', 'unittest.result', 'unittest.util', 'unittest.case', 'unittest.suite', 'unittest.loader', 'unittest.main', 'argparse', 'unittest.runner', 'unittest.signals', 'numpy.testing.decorators', 'numpy.testing.nose_tools', 'numpy.testing.nose_tools.decorators', 'numpy.testing.nose_tools.utils', 'numpy.lib.utils', 'numpy.testing.nosetester', 'numpy.testing.nose_tools.nosetester', 'numpy.testing.utils', 'numpy.lib.ufunclike', 'numpy.lib.index_tricks', 'numpy.lib.function_base', 'numpy.lib.twodim_base', 'numpy.matrixlib', 'numpy.matrixlib.defmatrix', 'numpy.lib.stride_tricks', 'numpy.lib.mixins', 'numpy.lib.nanfunctions', 'numpy.lib.shape_base', 'numpy.lib.scimath', 'numpy.lib.polynomial', 'numpy.linalg', 'numpy.linalg.info', 'numpy.linalg.linalg', 'numpy.linalg.lapack_lite', 'numpy.linalg._umath_linalg', 'numpy.lib.arraysetops', 'numpy.lib.npyio', 'numpy.lib.format', 'numpy.lib._datasource', 'numpy.lib._iotools', 'numpy.lib.financial', 'numpy.lib.arrayterator', 'numpy.lib.arraypad', 'numpy.lib._version', 'numpy._distributor_init', 'numpy._mklinit', 'numpy.fft', 'numpy.fft.info', 'numpy.fft.fftpack', 'numpy.fft.fftpack_lite', 'numpy.fft.helper', 'mkl_fft', '_cython_0_27_3', 'cython_runtime', 'mkl_fft._pydfti', 'numpy.core.multiarray_tests', 'mkl_fft._numpy_fft', 'numpy.polynomial', 'numpy.polynomial.polynomial', 'numpy.polynomial.polyutils', 'numpy.polynomial._polybase', 'numpy.polynomial.chebyshev', 'numpy.polynomial.legendre', 'numpy.polynomial.hermite', 'numpy.polynomial.hermite_e', 'numpy.polynomial.laguerre', 'numpy.random', 'numpy.random.info', 'mtrand', 'numpy.random.mtrand', 'numpy.ctypeslib', 'numpy.ma', 'numpy.ma.core', 'numpy.ma.extras', 'dateutil', 'dateutil._version', 'pandas.compat', 'distutils', 'distutils.version', 'pandas.compat.chainmap', 'dateutil.parser', 'dateutil.parser._parser', 'six', 'dateutil.relativedelta', 'dateutil._common', 'dateutil.tz', 'dateutil.tz.tz', 'six.moves', 'dateutil.tz._common', 'dateutil.tz._factories', 'dateutil.parser.isoparser', 'typing', 'typing.io', 'typing.re', 'pandas.compat.numpy', 'pandas._libs', 'pandas._libs.tslib', 'pandas._libs.tslibs', 'pandas._libs.tslibs.conversion', 'pandas._libs.tslibs.np_datetime', '_cython_0_28_2', 'pandas._libs.tslibs.nattype', 'pandas._libs.tslibs.timedeltas', 'pandas._libs.tslibs.timezones', 'pandas._libs.tslibs.parsing', 'pandas._libs.tslibs.ccalendar', 'pandas._libs.tslibs.strptime', 'pandas._libs.tslibs.timestamps', 'pandas._libs.tslibs.fields', 'pandas._libs.hashtable', 'pandas._libs.missing', 'pandas._libs.lib', 'pandas.core', 'pandas.core.config_init', 'pandas.core.config', 'pandas.io', 'pandas.io.formats', 'pandas.io.formats.printing', 'pandas.core.dtypes', 'pandas.core.dtypes.inference', 'pandas.io.formats.console', 'pandas.io.formats.terminal', 'pandas.core.api', 'pandas.core.algorithms', 'pandas.core.dtypes.cast', 'pandas.core.dtypes.common', 'pandas._libs.algos', 'pandas.core.dtypes.dtypes', 'pandas.core.dtypes.generic', 'pandas.core.dtypes.base', 'pandas.errors', 'pandas.core.dtypes.missing', 'pandas.core.common', 'pandas.util', 'pandas.util._decorators', 'pandas._libs.properties', 'pandas.core.util', 'pandas.core.util.hashing', 'pandas._libs.hashing', 'pandas.core.arrays', 'pandas.core.arrays.base', 'pandas.compat.numpy.function', 'pandas.util._validators', 'pandas.core.arrays.categorical', 'pandas.core.accessor', 'pandas.core.base', 'pandas.core.nanops', 'bottleneck', 'bottleneck.reduce', 'bottleneck.nonreduce', 'bottleneck.nonreduce_axis', 'bottleneck.move', 'bottleneck.slow', 'bottleneck.slow.reduce', 'bottleneck.slow.nonreduce', 'bottleneck.slow.nonreduce_axis', 'bottleneck.slow.move', 'bottleneck.version', 'bottleneck.benchmark', 'bottleneck.benchmark.bench', 'bottleneck.benchmark.autotimeit', 'timeit', 'gc', 'bottleneck.benchmark.bench_detailed', 'bottleneck.tests', 'bottleneck.tests.util', 'pandas.core.missing', 'pandas.core.groupby', 'pandas.core.groupby.groupby', 'pandas.core.index', 'pandas.core.indexes', 'pandas.core.indexes.api', 'pandas.core.indexes.base', 'pandas._libs.index', 'pandas._libs.tslibs.period', 'pandas._libs.tslibs.frequencies', 'pandas._libs.tslibs.resolution', 'pandas.tseries', 'pandas.tseries.offsets', 'pandas.core.tools', 'pandas.core.tools.datetimes', 'dateutil.easter', 'pandas._libs.tslibs.offsets', 'pandas.tseries.frequencies', 'pandas._libs.join', 'pandas.core.ops', 'pandas._libs.ops', 'pandas.core.indexes.frozen', 'pandas.core.dtypes.concat', 'pandas.core.sorting', 'pandas.core.strings', 'pandas.core.indexes.category', 'pandas.core.indexes.multi', 'pandas.core.indexes.interval', 'pandas._libs.interval', 'pandas.core.indexes.datetimes', 'pandas.core.indexes.numeric', 'pandas.core.indexes.datetimelike', 'pandas.core.tools.timedeltas', 'pandas.core.indexes.timedeltas', 'pandas.core.indexes.range', 'pandas.core.indexes.period', 'pandas.core.frame', 'pandas.core.generic', 'pandas.core.indexing', 'pandas._libs.indexing', 'pandas.core.internals', 'pandas._libs.internals', 'pandas.core.sparse', 'pandas.core.sparse.array', 'pandas._libs.sparse', 'pandas.io.formats.format', 'pandas.io.common', 'csv', '_csv', 'mmap', 'pandas.core.series', 'pandas.core.indexes.accessors', 'pandas.plotting', 'pandas.plotting._misc', 'pandas.plotting._style', 'pandas.plotting._compat', 'pandas.plotting._tools', 'pandas.plotting._core', 'pandas.plotting._converter', 'matplotlib', 'distutils.sysconfig', 'distutils.errors', 'matplotlib.cbook', 'glob', 'gzip', 'matplotlib.cbook.deprecation', 'matplotlib.cbook._backports', 'matplotlib.compat', 'matplotlib.compat.subprocess', 'matplotlib.rcsetup', 'matplotlib.testing', 'matplotlib.fontconfig_pattern', 'pyparsing', 'matplotlib.colors', 'matplotlib._color_data', 'cycler', 'six.moves.urllib', 'six.moves.urllib.request', 'matplotlib._version']
DEBUG:googleapiclient.discovery:URL being requested: GET https://www.googleapis.com/discovery/v1/apis/customsearch/v1/rest?key=AIzaSyAzd20qCIWnwYumE_yGbWe7a2pJjDbiS2I
DEBUG:googleapiclient.discovery:URL being requested: GET https://customsearch.googleapis.com/customsearch/v1?cx=630176f131b8ff85e&q=Hobbies&searchType=image&num=1&start=1&safe=off&key=AIzaSyAzd20qCIWnwYumE_yGbWe7a2pJjDbiS2I&alt=json
DEBUG:urllib3.connectionpool:Starting new HTTPS connection (1): m.media-amazon.com
DEBUG:urllib3.connectionpool:https://m.media-amazon.com:443 "HEAD /images/I/51OgelcWoeL.jpg HTTP/1.1" 403 0
DEBUG:urllib3.connectionpool:Starting new HTTPS connection (1): m.media-amazon.com
DEBUG:urllib3.connectionpool:https://m.media-amazon.com:443 "GET /images/I/51OgelcWoeL.jpg HTTP/1.1" 200 53504
DEBUG:googleapiclient.discovery:URL being requested: GET https://customsearch.googleapis.com/customsearch/v1?cx=630176f131b8ff85e&q=Characters+%26+Brands&searchType=image&num=1&start=1&safe=off&key=AIzaSyAzd20qCIWnwYumE_yGbWe7a2pJjDbiS2I&alt=json
DEBUG:urllib3.connectionpool:Starting new HTTPS connection (1): images-na.ssl-images-amazon.com
DEBUG:urllib3.connectionpool:https://images-na.ssl-images-amazon.com:443 "HEAD /images/I/512RZqJMTmL._SX258_BO1,204,203,200_.jpg HTTP/1.1" 403 0
DEBUG:urllib3.connectionpool:Starting new HTTPS connection (1): images-na.ssl-images-amazon.com
DEBUG:urllib3.connectionpool:https://images-na.ssl-images-amazon.com:443 "GET /images/I/512RZqJMTmL._SX258_BO1,204,203,200_.jpg HTTP/1.1" 200 20969
DEBUG:googleapiclient.discovery:URL being requested: GET https://customsearch.googleapis.com/customsearch/v1?cx=630176f131b8ff85e&q=Fancy+Dress&searchType=image&num=1&start=1&safe=off&key=AIzaSyAzd20qCIWnwYumE_yGbWe7a2pJjDbiS2I&alt=json
DEBUG:urllib3.connectionpool:Starting new HTTPS connection (1): images-na.ssl-images-amazon.com
DEBUG:urllib3.connectionpool:https://images-na.ssl-images-amazon.com:443 "HEAD /images/I/51xYEm6IMIL._AC_UL1268_.jpg HTTP/1.1" 403 0
DEBUG:urllib3.connectionpool:Starting new HTTPS connection (1): images-na.ssl-images-amazon.com
DEBUG:urllib3.connectionpool:https://images-na.ssl-images-amazon.com:443 "GET /images/I/51xYEm6IMIL._AC_UL1268_.jpg HTTP/1.1" 200 38943
DEBUG:googleapiclient.discovery:URL being requested: GET https://customsearch.googleapis.com/customsearch/v1?cx=630176f131b8ff85e&q=Bags&searchType=image&num=1&start=1&safe=off&key=AIzaSyAzd20qCIWnwYumE_yGbWe7a2pJjDbiS2I&alt=json
DEBUG:urllib3.connectionpool:Starting new HTTPS connection (1): images-na.ssl-images-amazon.com
DEBUG:urllib3.connectionpool:https://images-na.ssl-images-amazon.com:443 "HEAD /images/I/612dx4Iw%2BRL._AC_SL1153_.jpg HTTP/1.1" 403 0
DEBUG:urllib3.connectionpool:Starting new HTTPS connection (1): images-na.ssl-images-amazon.com
DEBUG:urllib3.connectionpool:https://images-na.ssl-images-amazon.com:443 "GET /images/I/612dx4Iw%2BRL._AC_SL1153_.jpg HTTP/1.1" 200 58304
DEBUG:googleapiclient.discovery:URL being requested: GET https://customsearch.googleapis.com/customsearch/v1?cx=630176f131b8ff85e&q=Arts+%26+Crafts&searchType=image&num=1&start=1&safe=off&key=AIzaSyAzd20qCIWnwYumE_yGbWe7a2pJjDbiS2I&alt=json
DEBUG:urllib3.connectionpool:Starting new HTTPS connection (1): images-na.ssl-images-amazon.com
DEBUG:urllib3.connectionpool:https://images-na.ssl-images-amazon.com:443 "HEAD /images/I/81aY0IpjmhL._AC_SL1200_.jpg HTTP/1.1" 200 0
DEBUG:urllib3.connectionpool:Starting new HTTPS connection (1): images-na.ssl-images-amazon.com
DEBUG:urllib3.connectionpool:https://images-na.ssl-images-amazon.com:443 "GET /images/I/81aY0IpjmhL._AC_SL1200_.jpg HTTP/1.1" 200 271536
DEBUG:googleapiclient.discovery:URL being requested: GET https://customsearch.googleapis.com/customsearch/v1?cx=630176f131b8ff85e&q=Handbags+%26+Shoulder+Bags&searchType=image&num=1&start=1&safe=off&key=AIzaSyAzd20qCIWnwYumE_yGbWe7a2pJjDbiS2I&alt=json
DEBUG:urllib3.connectionpool:Starting new HTTPS connection (1): images-na.ssl-images-amazon.com
DEBUG:urllib3.connectionpool:https://images-na.ssl-images-amazon.com:443 "HEAD /images/I/910zU0vyBrL._AC_UL1500_.jpg HTTP/1.1" 403 0
DEBUG:urllib3.connectionpool:Starting new HTTPS connection (1): images-na.ssl-images-amazon.com
DEBUG:urllib3.connectionpool:https://images-na.ssl-images-amazon.com:443 "GET /images/I/910zU0vyBrL._AC_UL1500_.jpg HTTP/1.1" 200 360482
DEBUG:googleapiclient.discovery:URL being requested: GET https://customsearch.googleapis.com/customsearch/v1?cx=630176f131b8ff85e&q=Games&searchType=image&num=1&start=1&safe=off&key=AIzaSyAzd20qCIWnwYumE_yGbWe7a2pJjDbiS2I&alt=json
DEBUG:urllib3.connectionpool:Starting new HTTPS connection (1): images-na.ssl-images-amazon.com
DEBUG:urllib3.connectionpool:https://images-na.ssl-images-amazon.com:443 "HEAD /images/I/A1XdudJCtML._AC_SL1500_.jpg HTTP/1.1" 403 0
DEBUG:urllib3.connectionpool:Starting new HTTPS connection (1): images-na.ssl-images-amazon.com
DEBUG:urllib3.connectionpool:https://images-na.ssl-images-amazon.com:443 "GET /images/I/A1XdudJCtML._AC_SL1500_.jpg HTTP/1.1" 200 559317
DEBUG:googleapiclient.discovery:URL being requested: GET https://customsearch.googleapis.com/customsearch/v1?cx=630176f131b8ff85e&q=Figures+%26+Playsets&searchType=image&num=1&start=1&safe=off&key=AIzaSyAzd20qCIWnwYumE_yGbWe7a2pJjDbiS2I&alt=json
DEBUG:urllib3.connectionpool:Starting new HTTPS connection (1): images-na.ssl-images-amazon.com
DEBUG:urllib3.connectionpool:https://images-na.ssl-images-amazon.com:443 "HEAD /images/I/61zWkQKFbiL._AC_SX425_.jpg HTTP/1.1" 403 0
DEBUG:urllib3.connectionpool:Starting new HTTPS connection (1): images-na.ssl-images-amazon.com
DEBUG:urllib3.connectionpool:https://images-na.ssl-images-amazon.com:443 "GET /images/I/61zWkQKFbiL._AC_SX425_.jpg HTTP/1.1" 200 31855
DEBUG:googleapiclient.discovery:URL being requested: GET https://customsearch.googleapis.com/customsearch/v1?cx=630176f131b8ff85e&q=Home+Accessories&searchType=image&num=1&start=1&safe=off&key=AIzaSyAzd20qCIWnwYumE_yGbWe7a2pJjDbiS2I&alt=json
DEBUG:urllib3.connectionpool:Starting new HTTPS connection (1): images-na.ssl-images-amazon.com
DEBUG:urllib3.connectionpool:https://images-na.ssl-images-amazon.com:443 "HEAD /images/I/81+fzaYn0FL.jpg HTTP/1.1" 403 0
DEBUG:urllib3.connectionpool:Starting new HTTPS connection (1): images-na.ssl-images-amazon.com
DEBUG:urllib3.connectionpool:https://images-na.ssl-images-amazon.com:443 "GET /images/I/81+fzaYn0FL.jpg HTTP/1.1" 200 405122
DEBUG:googleapiclient.discovery:URL being requested: GET https://customsearch.googleapis.com/customsearch/v1?cx=630176f131b8ff85e&q=Sweets%2C+Chocolate+%26+Gum&searchType=image&num=1&start=1&safe=off&key=AIzaSyAzd20qCIWnwYumE_yGbWe7a2pJjDbiS2I&alt=json
DEBUG:urllib3.connectionpool:Starting new HTTPS connection (1): images-na.ssl-images-amazon.com
DEBUG:urllib3.connectionpool:https://images-na.ssl-images-amazon.com:443 "HEAD /images/I/81Dsgx6LSUL._SY500_.jpg HTTP/1.1" 403 0
DEBUG:urllib3.connectionpool:Starting new HTTPS connection (1): images-na.ssl-images-amazon.com
DEBUG:urllib3.connectionpool:https://images-na.ssl-images-amazon.com:443 "GET /images/I/81Dsgx6LSUL._SY500_.jpg HTTP/1.1" 200 24648
DEBUG:googleapiclient.discovery:URL being requested: GET https://customsearch.googleapis.com/customsearch/v1?cx=630176f131b8ff85e&q=Sports+Toys+%26+Outdoor&searchType=image&num=1&start=1&safe=off&key=AIzaSyAzd20qCIWnwYumE_yGbWe7a2pJjDbiS2I&alt=json
DEBUG:urllib3.connectionpool:Starting new HTTPS connection (1): images-na.ssl-images-amazon.com
DEBUG:urllib3.connectionpool:https://images-na.ssl-images-amazon.com:443 "HEAD /images/I/617ORARkciL._AC_SX425_.jpg HTTP/1.1" 403 0
DEBUG:urllib3.connectionpool:Starting new HTTPS connection (1): images-na.ssl-images-amazon.com
DEBUG:urllib3.connectionpool:https://images-na.ssl-images-amazon.com:443 "GET /images/I/617ORARkciL._AC_SX425_.jpg HTTP/1.1" 200 33495
DEBUG:googleapiclient.discovery:URL being requested: GET https://customsearch.googleapis.com/customsearch/v1?cx=630176f131b8ff85e&q=Die-Cast+%26+Toy+Vehicles&searchType=image&num=1&start=1&safe=off&key=AIzaSyAzd20qCIWnwYumE_yGbWe7a2pJjDbiS2I&alt=json
DEBUG:urllib3.connectionpool:Starting new HTTPS connection (1): images-na.ssl-images-amazon.com
DEBUG:urllib3.connectionpool:https://images-na.ssl-images-amazon.com:443 "HEAD /images/I/816ufL6uzBL._AC_SX425_.jpg HTTP/1.1" 403 0
DEBUG:urllib3.connectionpool:Starting new HTTPS connection (1): images-na.ssl-images-amazon.com
DEBUG:urllib3.connectionpool:https://images-na.ssl-images-amazon.com:443 "GET /images/I/816ufL6uzBL._AC_SX425_.jpg HTTP/1.1" 200 46445
DEBUG:googleapiclient.discovery:URL being requested: GET https://customsearch.googleapis.com/customsearch/v1?cx=630176f131b8ff85e&q=Baby+%26+Toddler+Toys&searchType=image&num=1&start=1&safe=off&key=AIzaSyAzd20qCIWnwYumE_yGbWe7a2pJjDbiS2I&alt=json
DEBUG:urllib3.connectionpool:Starting new HTTPS connection (1): images-na.ssl-images-amazon.com
DEBUG:urllib3.connectionpool:https://images-na.ssl-images-amazon.com:443 "HEAD /images/I/71X72-DF8zL._AC_SL1500_.jpg HTTP/1.1" 403 0
DEBUG:urllib3.connectionpool:Starting new HTTPS connection (1): images-na.ssl-images-amazon.com
DEBUG:urllib3.connectionpool:https://images-na.ssl-images-amazon.com:443 "GET /images/I/71X72-DF8zL._AC_SL1500_.jpg HTTP/1.1" 200 143419
DEBUG:googleapiclient.discovery:URL being requested: GET https://customsearch.googleapis.com/customsearch/v1?cx=630176f131b8ff85e&q=Storage%2C+Cleaning+%26+Ring+Sizers&searchType=image&num=1&start=1&safe=off&key=AIzaSyAzd20qCIWnwYumE_yGbWe7a2pJjDbiS2I&alt=json
DEBUG:urllib3.connectionpool:Starting new HTTPS connection (1): images-na.ssl-images-amazon.com
DEBUG:urllib3.connectionpool:https://images-na.ssl-images-amazon.com:443 "HEAD /images/I/71zJYgxhFIL._AC_SX425_.jpg HTTP/1.1" 403 0
DEBUG:urllib3.connectionpool:Starting new HTTPS connection (1): images-na.ssl-images-amazon.com
DEBUG:urllib3.connectionpool:https://images-na.ssl-images-amazon.com:443 "GET /images/I/71zJYgxhFIL._AC_SX425_.jpg HTTP/1.1" 200 27410
DEBUG:googleapiclient.discovery:URL being requested: GET https://customsearch.googleapis.com/customsearch/v1?cx=630176f131b8ff85e&q=Bedding+%26+Linens&searchType=image&num=1&start=1&safe=off&key=AIzaSyAzd20qCIWnwYumE_yGbWe7a2pJjDbiS2I&alt=json
DEBUG:urllib3.connectionpool:Starting new HTTPS connection (1): images-na.ssl-images-amazon.com
DEBUG:urllib3.connectionpool:https://images-na.ssl-images-amazon.com:443 "HEAD /images/I/61dPxoFN0VL._SL1024_.jpg HTTP/1.1" 403 0
DEBUG:urllib3.connectionpool:Starting new HTTPS connection (1): images-na.ssl-images-amazon.com
DEBUG:urllib3.connectionpool:https://images-na.ssl-images-amazon.com:443 "GET /images/I/61dPxoFN0VL._SL1024_.jpg HTTP/1.1" 200 113402
DEBUG:googleapiclient.discovery:URL being requested: GET https://customsearch.googleapis.com/customsearch/v1?cx=630176f131b8ff85e&q=Office+Supplies&searchType=image&num=1&start=1&safe=off&key=AIzaSyAzd20qCIWnwYumE_yGbWe7a2pJjDbiS2I&alt=json
DEBUG:urllib3.connectionpool:Starting new HTTPS connection (1): images-na.ssl-images-amazon.com
DEBUG:urllib3.connectionpool:https://images-na.ssl-images-amazon.com:443 "HEAD /images/I/71oVFhi8CsL._AC_SY355_.jpg HTTP/1.1" 403 0
DEBUG:urllib3.connectionpool:Starting new HTTPS connection (1): images-na.ssl-images-amazon.com
DEBUG:urllib3.connectionpool:https://images-na.ssl-images-amazon.com:443 "GET /images/I/71oVFhi8CsL._AC_SY355_.jpg HTTP/1.1" 200 28207
DEBUG:googleapiclient.discovery:URL being requested: GET https://customsearch.googleapis.com/customsearch/v1?cx=630176f131b8ff85e&q=Party+Supplies&searchType=image&num=1&start=1&safe=off&key=AIzaSyAzd20qCIWnwYumE_yGbWe7a2pJjDbiS2I&alt=json
DEBUG:urllib3.connectionpool:Starting new HTTPS connection (1): images-na.ssl-images-amazon.com
DEBUG:urllib3.connectionpool:https://images-na.ssl-images-amazon.com:443 "HEAD /images/I/71BVwcK8RBL._AC_SX425_.jpg HTTP/1.1" 403 0
DEBUG:urllib3.connectionpool:Starting new HTTPS connection (1): images-na.ssl-images-amazon.com
DEBUG:urllib3.connectionpool:https://images-na.ssl-images-amazon.com:443 "GET /images/I/71BVwcK8RBL._AC_SX425_.jpg HTTP/1.1" 200 33601
DEBUG:googleapiclient.discovery:URL being requested: GET https://customsearch.googleapis.com/customsearch/v1?cx=630176f131b8ff85e&q=Camping+%26+Hiking&searchType=image&num=1&start=1&safe=off&key=AIzaSyAzd20qCIWnwYumE_yGbWe7a2pJjDbiS2I&alt=json
DEBUG:urllib3.connectionpool:Starting new HTTPS connection (1): images-na.ssl-images-amazon.com
DEBUG:urllib3.connectionpool:https://images-na.ssl-images-amazon.com:443 "HEAD /images/G/01/US-hq/2018/img/Outdoor_Recreation/XCM_Manual_1124926_Harmony_CampingHiking_Contentgrid_750x375_Outdoor_Recreation_1124926_us_outdoor_recreation_harmony_2_1530269079_jpg.jpg HTTP/1.1" 200 0
DEBUG:urllib3.connectionpool:Starting new HTTPS connection (1): images-na.ssl-images-amazon.com
DEBUG:urllib3.connectionpool:https://images-na.ssl-images-amazon.com:443 "GET /images/G/01/US-hq/2018/img/Outdoor_Recreation/XCM_Manual_1124926_Harmony_CampingHiking_Contentgrid_750x375_Outdoor_Recreation_1124926_us_outdoor_recreation_harmony_2_1530269079_jpg.jpg HTTP/1.1" 200 71461
DEBUG:googleapiclient.discovery:URL being requested: GET https://customsearch.googleapis.com/customsearch/v1?cx=630176f131b8ff85e&q=Pretend+Play&searchType=image&num=1&start=1&safe=off&key=AIzaSyAzd20qCIWnwYumE_yGbWe7a2pJjDbiS2I&alt=json
DEBUG:urllib3.connectionpool:Starting new HTTPS connection (1): images-na.ssl-images-amazon.com
DEBUG:urllib3.connectionpool:https://images-na.ssl-images-amazon.com:443 "HEAD /images/I/71zd5Vb2YtL._AC_SX425_.jpg HTTP/1.1" 403 0
DEBUG:urllib3.connectionpool:Starting new HTTPS connection (1): images-na.ssl-images-amazon.com
DEBUG:urllib3.connectionpool:https://images-na.ssl-images-amazon.com:443 "GET /images/I/71zd5Vb2YtL._AC_SX425_.jpg HTTP/1.1" 200 38309
DEBUG:googleapiclient.discovery:URL being requested: GET https://customsearch.googleapis.com/customsearch/v1?cx=630176f131b8ff85e&q=Women&searchType=image&num=1&start=1&safe=off&key=AIzaSyAzd20qCIWnwYumE_yGbWe7a2pJjDbiS2I&alt=json
DEBUG:urllib3.connectionpool:Starting new HTTPS connection (1): images-na.ssl-images-amazon.com
DEBUG:urllib3.connectionpool:https://images-na.ssl-images-amazon.com:443 "HEAD /images/G/01/digital/video/hero/Movies/1994/B000SOZXGY_LittleWomen_UXSY1._V391273512_SX1080_.jpg HTTP/1.1" 403 0
DEBUG:urllib3.connectionpool:Starting new HTTPS connection (1): images-na.ssl-images-amazon.com
DEBUG:urllib3.connectionpool:https://images-na.ssl-images-amazon.com:443 "GET /images/G/01/digital/video/hero/Movies/1994/B000SOZXGY_LittleWomen_UXSY1._V391273512_SX1080_.jpg HTTP/1.1" 200 100571
DEBUG:googleapiclient.discovery:URL being requested: GET https://customsearch.googleapis.com/customsearch/v1?cx=630176f131b8ff85e&q=Electronic+Toys&searchType=image&num=1&start=1&safe=off&key=AIzaSyAzd20qCIWnwYumE_yGbWe7a2pJjDbiS2I&alt=json
DEBUG:urllib3.connectionpool:Starting new HTTPS connection (1): images-na.ssl-images-amazon.com
DEBUG:urllib3.connectionpool:https://images-na.ssl-images-amazon.com:443 "HEAD /images/I/A1D9EaNukIL._AC_SX425_.jpg HTTP/1.1" 403 0
DEBUG:urllib3.connectionpool:Starting new HTTPS connection (1): images-na.ssl-images-amazon.com
DEBUG:urllib3.connectionpool:https://images-na.ssl-images-amazon.com:443 "GET /images/I/A1D9EaNukIL._AC_SX425_.jpg HTTP/1.1" 200 58873
DEBUG:googleapiclient.discovery:URL being requested: GET https://customsearch.googleapis.com/customsearch/v1?cx=630176f131b8ff85e&q=Car+Parts&searchType=image&num=1&start=1&safe=off&key=AIzaSyAzd20qCIWnwYumE_yGbWe7a2pJjDbiS2I&alt=json
DEBUG:urllib3.connectionpool:Starting new HTTPS connection (1): images-na.ssl-images-amazon.com
DEBUG:urllib3.connectionpool:https://images-na.ssl-images-amazon.com:443 "HEAD /images/I/6105lKQg64L.jpg HTTP/1.1" 403 0
DEBUG:urllib3.connectionpool:Starting new HTTPS connection (1): images-na.ssl-images-amazon.com
DEBUG:urllib3.connectionpool:https://images-na.ssl-images-amazon.com:443 "GET /images/I/6105lKQg64L.jpg HTTP/1.1" 200 97156
DEBUG:googleapiclient.discovery:URL being requested: GET https://customsearch.googleapis.com/customsearch/v1?cx=630176f131b8ff85e&q=Dolls+%26+Accessories&searchType=image&num=1&start=1&safe=off&key=AIzaSyAzd20qCIWnwYumE_yGbWe7a2pJjDbiS2I&alt=json
DEBUG:urllib3.connectionpool:Starting new HTTPS connection (1): images-na.ssl-images-amazon.com
DEBUG:urllib3.connectionpool:https://images-na.ssl-images-amazon.com:443 "HEAD /images/I/71-yVcJvr%2BL._AC_SL1500_.jpg HTTP/1.1" 403 0
DEBUG:urllib3.connectionpool:Starting new HTTPS connection (1): images-na.ssl-images-amazon.com
DEBUG:urllib3.connectionpool:https://images-na.ssl-images-amazon.com:443 "GET /images/I/71-yVcJvr%2BL._AC_SL1500_.jpg HTTP/1.1" 200 171230
DEBUG:googleapiclient.discovery:URL being requested: GET https://customsearch.googleapis.com/customsearch/v1?cx=630176f131b8ff85e&q=Indoor+Lighting&searchType=image&num=1&start=1&safe=off&key=AIzaSyAzd20qCIWnwYumE_yGbWe7a2pJjDbiS2I&alt=json
DEBUG:urllib3.connectionpool:Starting new HTTPS connection (1): images-na.ssl-images-amazon.com
DEBUG:urllib3.connectionpool:https://images-na.ssl-images-amazon.com:443 "HEAD /images/I/61sZvTszzrL._AC_SX466_.jpg HTTP/1.1" 403 0
DEBUG:urllib3.connectionpool:Starting new HTTPS connection (1): images-na.ssl-images-amazon.com
DEBUG:urllib3.connectionpool:https://images-na.ssl-images-amazon.com:443 "GET /images/I/61sZvTszzrL._AC_SX466_.jpg HTTP/1.1" 200 34296
DEBUG:googleapiclient.discovery:URL being requested: GET https://customsearch.googleapis.com/customsearch/v1?cx=630176f131b8ff85e&q=Educational+Toys&searchType=image&num=1&start=1&safe=off&key=AIzaSyAzd20qCIWnwYumE_yGbWe7a2pJjDbiS2I&alt=json
DEBUG:urllib3.connectionpool:Starting new HTTPS connection (1): images-na.ssl-images-amazon.com
DEBUG:urllib3.connectionpool:https://images-na.ssl-images-amazon.com:443 "HEAD /images/I/71Va5OqFbIL._AC_SX425_.jpg HTTP/1.1" 403 0
DEBUG:urllib3.connectionpool:Starting new HTTPS connection (1): images-na.ssl-images-amazon.com
DEBUG:urllib3.connectionpool:https://images-na.ssl-images-amazon.com:443 "GET /images/I/71Va5OqFbIL._AC_SX425_.jpg HTTP/1.1" 200 24694
DEBUG:googleapiclient.discovery:URL being requested: GET https://customsearch.googleapis.com/customsearch/v1?cx=630176f131b8ff85e&q=Laundry%2C+Storage+%26+Organisation&searchType=image&num=1&start=1&safe=off&key=AIzaSyAzd20qCIWnwYumE_yGbWe7a2pJjDbiS2I&alt=json
DEBUG:urllib3.connectionpool:Starting new HTTPS connection (1): images-na.ssl-images-amazon.com
DEBUG:urllib3.connectionpool:https://images-na.ssl-images-amazon.com:443 "HEAD /images/I/61ogM-xioFL._AC_SX522_.jpg HTTP/1.1" 403 0
DEBUG:urllib3.connectionpool:Starting new HTTPS connection (1): images-na.ssl-images-amazon.com
DEBUG:urllib3.connectionpool:https://images-na.ssl-images-amazon.com:443 "GET /images/I/61ogM-xioFL._AC_SX522_.jpg HTTP/1.1" 200 32617
DEBUG:googleapiclient.discovery:URL being requested: GET https://customsearch.googleapis.com/customsearch/v1?cx=630176f131b8ff85e&q=Supporters%27+Gear&searchType=image&num=1&start=1&safe=off&key=AIzaSyAzd20qCIWnwYumE_yGbWe7a2pJjDbiS2I&alt=json
DEBUG:urllib3.connectionpool:Starting new HTTPS connection (1): images-na.ssl-images-amazon.com
DEBUG:urllib3.connectionpool:https://images-na.ssl-images-amazon.com:443 "HEAD /images/I/81FTdRcbplL._AC_UL1500_.jpg HTTP/1.1" 403 0
DEBUG:urllib3.connectionpool:Starting new HTTPS connection (1): images-na.ssl-images-amazon.com
DEBUG:urllib3.connectionpool:https://images-na.ssl-images-amazon.com:443 "GET /images/I/81FTdRcbplL._AC_UL1500_.jpg HTTP/1.1" 200 216293
DEBUG:googleapiclient.discovery:URL being requested: GET https://customsearch.googleapis.com/customsearch/v1?cx=630176f131b8ff85e&q=Jams%2C+Honey+%26+Spreads&searchType=image&num=1&start=1&safe=off&key=AIzaSyAzd20qCIWnwYumE_yGbWe7a2pJjDbiS2I&alt=json
DEBUG:urllib3.connectionpool:Starting new HTTPS connection (1): images-na.ssl-images-amazon.com
DEBUG:urllib3.connectionpool:https://images-na.ssl-images-amazon.com:443 "HEAD /images/I/71AqUEoxunL._SX425_.jpg HTTP/1.1" 403 0
DEBUG:urllib3.connectionpool:Starting new HTTPS connection (1): images-na.ssl-images-amazon.com
DEBUG:urllib3.connectionpool:https://images-na.ssl-images-amazon.com:443 "GET /images/I/71AqUEoxunL._SX425_.jpg HTTP/1.1" 200 18273
DEBUG:googleapiclient.discovery:URL being requested: GET https://customsearch.googleapis.com/customsearch/v1?cx=630176f131b8ff85e&q=Novelty+%26+Special+Use&searchType=image&num=1&start=1&safe=off&key=AIzaSyAzd20qCIWnwYumE_yGbWe7a2pJjDbiS2I&alt=json
DEBUG:urllib3.connectionpool:Starting new HTTPS connection (1): images-na.ssl-images-amazon.com
DEBUG:urllib3.connectionpool:https://images-na.ssl-images-amazon.com:443 "HEAD /images/I/71PNeZCelAL._AC_UY445_.jpg HTTP/1.1" 403 0
DEBUG:urllib3.connectionpool:Starting new HTTPS connection (1): images-na.ssl-images-amazon.com
DEBUG:urllib3.connectionpool:https://images-na.ssl-images-amazon.com:443 "GET /images/I/71PNeZCelAL._AC_UY445_.jpg HTTP/1.1" 200 10574
DEBUG:googleapiclient.discovery:URL being requested: GET https://customsearch.googleapis.com/customsearch/v1?cx=630176f131b8ff85e&q=Musical+Toy+Instruments&searchType=image&num=1&start=1&safe=off&key=AIzaSyAzd20qCIWnwYumE_yGbWe7a2pJjDbiS2I&alt=json
DEBUG:urllib3.connectionpool:Starting new HTTPS connection (1): images-na.ssl-images-amazon.com
DEBUG:urllib3.connectionpool:https://images-na.ssl-images-amazon.com:443 "HEAD /images/I/71vTqwyWfyL._AC_SL1200_.jpg HTTP/1.1" 403 0
DEBUG:urllib3.connectionpool:Starting new HTTPS connection (1): images-na.ssl-images-amazon.com
DEBUG:urllib3.connectionpool:https://images-na.ssl-images-amazon.com:443 "GET /images/I/71vTqwyWfyL._AC_SL1200_.jpg HTTP/1.1" 200 126244
DEBUG:googleapiclient.discovery:URL being requested: GET https://customsearch.googleapis.com/customsearch/v1?cx=630176f131b8ff85e&q=Men&searchType=image&num=1&start=1&safe=off&key=AIzaSyAzd20qCIWnwYumE_yGbWe7a2pJjDbiS2I&alt=json
DEBUG:urllib3.connectionpool:Starting new HTTPS connection (1): images-na.ssl-images-amazon.com
DEBUG:urllib3.connectionpool:https://images-na.ssl-images-amazon.com:443 "HEAD /images/I/71B9d4sksiL._SL1500_.jpg HTTP/1.1" 403 0
DEBUG:urllib3.connectionpool:Starting new HTTPS connection (1): images-na.ssl-images-amazon.com
DEBUG:urllib3.connectionpool:https://images-na.ssl-images-amazon.com:443 "GET /images/I/71B9d4sksiL._SL1500_.jpg HTTP/1.1" 200 178467
DEBUG:googleapiclient.discovery:URL being requested: GET https://customsearch.googleapis.com/customsearch/v1?cx=630176f131b8ff85e&q=Sex+%26+Sensuality&searchType=image&num=1&start=1&safe=off&key=AIzaSyAzd20qCIWnwYumE_yGbWe7a2pJjDbiS2I&alt=json
DEBUG:urllib3.connectionpool:Starting new HTTPS connection (1): m.media-amazon.com
DEBUG:urllib3.connectionpool:https://m.media-amazon.com:443 "HEAD /images/I/71YNMkvMWOL._SS500_.jpg HTTP/1.1" 403 0
DEBUG:urllib3.connectionpool:Starting new HTTPS connection (1): m.media-amazon.com
DEBUG:urllib3.connectionpool:https://m.media-amazon.com:443 "GET /images/I/71YNMkvMWOL._SS500_.jpg HTTP/1.1" 200 32931
DEBUG:googleapiclient.discovery:URL being requested: GET https://customsearch.googleapis.com/customsearch/v1?cx=630176f131b8ff85e&q=Cooking+%26+Dining&searchType=image&num=1&start=1&safe=off&key=AIzaSyAzd20qCIWnwYumE_yGbWe7a2pJjDbiS2I&alt=json
DEBUG:urllib3.connectionpool:Starting new HTTPS connection (1): images-na.ssl-images-amazon.com
DEBUG:urllib3.connectionpool:https://images-na.ssl-images-amazon.com:443 "HEAD /images/I/719StgVJ-nL.jpg HTTP/1.1" 403 0
DEBUG:urllib3.connectionpool:Starting new HTTPS connection (1): images-na.ssl-images-amazon.com
DEBUG:urllib3.connectionpool:https://images-na.ssl-images-amazon.com:443 "GET /images/I/719StgVJ-nL.jpg HTTP/1.1" 200 195627
DEBUG:googleapiclient.discovery:URL being requested: GET https://customsearch.googleapis.com/customsearch/v1?cx=630176f131b8ff85e&q=Medication+%26+Remedies&searchType=image&num=1&start=1&safe=off&key=AIzaSyAzd20qCIWnwYumE_yGbWe7a2pJjDbiS2I&alt=json
DEBUG:urllib3.connectionpool:Starting new HTTPS connection (1): images-na.ssl-images-amazon.com
DEBUG:urllib3.connectionpool:https://images-na.ssl-images-amazon.com:443 "HEAD /images/I/91sb-HD2NhL.jpg HTTP/1.1" 403 0
DEBUG:urllib3.connectionpool:Starting new HTTPS connection (1): images-na.ssl-images-amazon.com
DEBUG:urllib3.connectionpool:https://images-na.ssl-images-amazon.com:443 "GET /images/I/91sb-HD2NhL.jpg HTTP/1.1" 200 587647
DEBUG:googleapiclient.discovery:URL being requested: GET https://customsearch.googleapis.com/customsearch/v1?cx=630176f131b8ff85e&q=Puppets+%26+Puppet+Theatres&searchType=image&num=1&start=1&safe=off&key=AIzaSyAzd20qCIWnwYumE_yGbWe7a2pJjDbiS2I&alt=json
DEBUG:urllib3.connectionpool:Starting new HTTPS connection (1): images-na.ssl-images-amazon.com
DEBUG:urllib3.connectionpool:https://images-na.ssl-images-amazon.com:443 "HEAD /images/I/51e61zwM2jL._SX258_BO1,204,203,200_.jpg HTTP/1.1" 403 0
DEBUG:urllib3.connectionpool:Starting new HTTPS connection (1): images-na.ssl-images-amazon.com
DEBUG:urllib3.connectionpool:https://images-na.ssl-images-amazon.com:443 "GET /images/I/51e61zwM2jL._SX258_BO1,204,203,200_.jpg HTTP/1.1" 200 17393
DEBUG:googleapiclient.discovery:URL being requested: GET https://customsearch.googleapis.com/customsearch/v1?cx=630176f131b8ff85e&q=Jigsaws+%26+Puzzles&searchType=image&num=1&start=1&safe=off&key=AIzaSyAzd20qCIWnwYumE_yGbWe7a2pJjDbiS2I&alt=json
DEBUG:urllib3.connectionpool:Starting new HTTPS connection (1): images-na.ssl-images-amazon.com
DEBUG:urllib3.connectionpool:https://images-na.ssl-images-amazon.com:443 "HEAD /images/I/81LTrNpVWbL.png HTTP/1.1" 403 0
DEBUG:urllib3.connectionpool:Starting new HTTPS connection (1): images-na.ssl-images-amazon.com
DEBUG:urllib3.connectionpool:https://images-na.ssl-images-amazon.com:443 "GET /images/I/81LTrNpVWbL.png HTTP/1.1" 200 335050
DEBUG:PIL.PngImagePlugin:STREAM b'IHDR' 16 13
DEBUG:PIL.PngImagePlugin:STREAM b'pHYs' 41 9
DEBUG:PIL.PngImagePlugin:STREAM b'iCCP' 62 2637
DEBUG:PIL.PngImagePlugin:iCCP profile name b'Photoshop ICC profile'
DEBUG:PIL.PngImagePlugin:Compression method 0
DEBUG:PIL.PngImagePlugin:STREAM b'cHRM' 2711 32
DEBUG:PIL.PngImagePlugin:STREAM b'IDAT' 2755 332279
DEBUG:googleapiclient.discovery:URL being requested: GET https://customsearch.googleapis.com/customsearch/v1?cx=630176f131b8ff85e&q=Dogs&searchType=image&num=1&start=1&safe=off&key=AIzaSyAzd20qCIWnwYumE_yGbWe7a2pJjDbiS2I&alt=json
DEBUG:urllib3.connectionpool:Starting new HTTPS connection (1): images-na.ssl-images-amazon.com
DEBUG:urllib3.connectionpool:https://images-na.ssl-images-amazon.com:443 "HEAD /images/I/61Kxa2QftOL._AC_SX450_.jpg HTTP/1.1" 403 0
DEBUG:urllib3.connectionpool:Starting new HTTPS connection (1): images-na.ssl-images-amazon.com
DEBUG:urllib3.connectionpool:https://images-na.ssl-images-amazon.com:443 "GET /images/I/61Kxa2QftOL._AC_SX450_.jpg HTTP/1.1" 200 21110
DEBUG:googleapiclient.discovery:URL being requested: GET https://customsearch.googleapis.com/customsearch/v1?cx=630176f131b8ff85e&q=Medical+Supplies+%26+Equipment&searchType=image&num=1&start=1&safe=off&key=AIzaSyAzd20qCIWnwYumE_yGbWe7a2pJjDbiS2I&alt=json
DEBUG:urllib3.connectionpool:Starting new HTTPS connection (1): images-na.ssl-images-amazon.com
DEBUG:urllib3.connectionpool:https://images-na.ssl-images-amazon.com:443 "HEAD /images/I/61zF0Bg4iXL._AC_SX522_.jpg HTTP/1.1" 403 0
DEBUG:urllib3.connectionpool:Starting new HTTPS connection (1): images-na.ssl-images-amazon.com
DEBUG:urllib3.connectionpool:https://images-na.ssl-images-amazon.com:443 "GET /images/I/61zF0Bg4iXL._AC_SX522_.jpg HTTP/1.1" 200 43697
DEBUG:googleapiclient.discovery:URL being requested: GET https://customsearch.googleapis.com/customsearch/v1?cx=630176f131b8ff85e&q=Pens%2C+Pencils+%26+Writing+Supplies&searchType=image&num=1&start=1&safe=off&key=AIzaSyAzd20qCIWnwYumE_yGbWe7a2pJjDbiS2I&alt=json
DEBUG:urllib3.connectionpool:Starting new HTTPS connection (1): images-na.ssl-images-amazon.com
DEBUG:urllib3.connectionpool:https://images-na.ssl-images-amazon.com:443 "HEAD /images/I/81I9yHUrwaL._AC_SY355_.jpg HTTP/1.1" 403 0
DEBUG:urllib3.connectionpool:Starting new HTTPS connection (1): images-na.ssl-images-amazon.com
DEBUG:urllib3.connectionpool:https://images-na.ssl-images-amazon.com:443 "GET /images/I/81I9yHUrwaL._AC_SY355_.jpg HTTP/1.1" 200 31697
DEBUG:googleapiclient.discovery:URL being requested: GET https://customsearch.googleapis.com/customsearch/v1?cx=630176f131b8ff85e&q=Worlds+Apart&searchType=image&num=1&start=1&safe=off&key=AIzaSyAzd20qCIWnwYumE_yGbWe7a2pJjDbiS2I&alt=json
DEBUG:urllib3.connectionpool:Starting new HTTPS connection (1): images-na.ssl-images-amazon.com
DEBUG:urllib3.connectionpool:https://images-na.ssl-images-amazon.com:443 "HEAD /images/I/81SXt-alkeL._SL1200_.jpg HTTP/1.1" 403 0
DEBUG:urllib3.connectionpool:Starting new HTTPS connection (1): images-na.ssl-images-amazon.com
DEBUG:urllib3.connectionpool:https://images-na.ssl-images-amazon.com:443 "GET /images/I/81SXt-alkeL._SL1200_.jpg HTTP/1.1" 200 314847
DEBUG:googleapiclient.discovery:URL being requested: GET https://customsearch.googleapis.com/customsearch/v1?cx=630176f131b8ff85e&q=Gardening&searchType=image&num=1&start=1&safe=off&key=AIzaSyAzd20qCIWnwYumE_yGbWe7a2pJjDbiS2I&alt=json
DEBUG:urllib3.connectionpool:Starting new HTTPS connection (1): images-na.ssl-images-amazon.com
DEBUG:urllib3.connectionpool:https://images-na.ssl-images-amazon.com:443 "HEAD /images/I/81WU0+0hV+L.jpg HTTP/1.1" 403 0
DEBUG:urllib3.connectionpool:Starting new HTTPS connection (1): images-na.ssl-images-amazon.com
DEBUG:urllib3.connectionpool:https://images-na.ssl-images-amazon.com:443 "GET /images/I/81WU0+0hV+L.jpg HTTP/1.1" 200 409781
DEBUG:googleapiclient.discovery:URL being requested: GET https://customsearch.googleapis.com/customsearch/v1?cx=630176f131b8ff85e&q=Lab+%26+Scientific+Products&searchType=image&num=1&start=1&safe=off&key=AIzaSyAzd20qCIWnwYumE_yGbWe7a2pJjDbiS2I&alt=json
DEBUG:urllib3.connectionpool:Starting new HTTPS connection (1): m.media-amazon.com
DEBUG:urllib3.connectionpool:https://m.media-amazon.com:443 "HEAD /images/I/61-2wI85XtL._AC_UL320_.jpg HTTP/1.1" 403 0
DEBUG:urllib3.connectionpool:Starting new HTTPS connection (1): m.media-amazon.com
DEBUG:urllib3.connectionpool:https://m.media-amazon.com:443 "GET /images/I/61-2wI85XtL._AC_UL320_.jpg HTTP/1.1" 200 9506
DEBUG:googleapiclient.discovery:URL being requested: GET https://customsearch.googleapis.com/customsearch/v1?cx=630176f131b8ff85e&q=Novelty+Jewellery&searchType=image&num=1&start=1&safe=off&key=AIzaSyAzd20qCIWnwYumE_yGbWe7a2pJjDbiS2I&alt=json
DEBUG:urllib3.connectionpool:Starting new HTTPS connection (1): images-na.ssl-images-amazon.com
DEBUG:urllib3.connectionpool:https://images-na.ssl-images-amazon.com:443 "HEAD /images/I/61olHc979fL._AC_UY500_.jpg HTTP/1.1" 403 0
DEBUG:urllib3.connectionpool:Starting new HTTPS connection (1): images-na.ssl-images-amazon.com
DEBUG:urllib3.connectionpool:https://images-na.ssl-images-amazon.com:443 "GET /images/I/61olHc979fL._AC_UY500_.jpg HTTP/1.1" 200 34642
